<?xml version="1.0" encoding="UTF-8"?>
<testsuite name="MTStressTest" tests="1" skipped="0" failures="0" errors="0" timestamp="2021-01-03T16:16:02" hostname="DESKTOP-SPFQ307" time="16.002">
  <properties/>
  <testcase name="testStress" classname="MTStressTest" time="16.002"/>
  <system-out><![CDATA[Phase # 1 - done      3,826 ops (warm up)
Phase # 2 - done      2,324 ops (warm up)
Phase # 3 - done      3,158 ops (warm up)
Phase # 4 - done      2,263 ops (warm up)
Phase # 5 - done      2,153 ops (warm up)
Phase # 6 - done      2,026 ops (measure)
Phase # 7 - done      2,814 ops (measure)
Phase # 8 - done      2,804 ops (measure)
Phase # 9 - done      1,888 ops (measure)
Phase #10 - done      1,591 ops (measure)
Average ops per phase: 2,225 +- 556
]]></system-out>
  <system-err><![CDATA[]]></system-err>
</testsuite>
